Build started 9/25/2017 7:32:29 AM.
     1>Project "D:\GameHack\Base & Tools\Base\VS2010\XFilesEngine\XFilesPBFramework\XFilesPBFramework\XFilesPBFramework.vcxproj" on node 2 (build target(s)).
     1>InitializeBuildStatus:
         Touching "Release\XFilesPBFramework.unsuccessfulbuild".
       ClCompile:
         C:\Program Files (x86)\Microsoft Visual Studio 10.0\VC\bin\CL.exe /c /Zi /nologo /W3 /WX- /O2 /Oi /Oy- /GL /D _WINDLL /D _MBCS /Gm- /EHsc /MT /GS /Gy /fp:precise /Zc:wchar_t /Zc:forScope /Fo"Release\\" /Fd"Release\vc100.pdb" /Gd /TP /analyze- /errorReport:prompt Main.cpp
         Main.cpp
       Link:
         C:\Program Files (x86)\Microsoft Visual Studio 10.0\VC\bin\link.exe /ERRORREPORT:PROMPT /OUT:"D:\GameHack\Base & Tools\Base\VS2010\XFilesEngine\XFilesPBFramework\Release\XFilesPBFramework.dll" /NOLOGO kernel32.lib user32.lib gdi32.lib winspool.lib comdlg32.lib advapi32.lib shell32.lib ole32.lib oleaut32.lib uuid.lib odbc32.lib odbccp32.lib /MANIFEST /ManifestFile:"Release\XFilesPBFramework.dll.intermediate.manifest" /MANIFESTUAC:"level='asInvoker' uiAccess='false'" /DEBUG /PDB:"D:\GameHack\Base & Tools\Base\VS2010\XFilesEngine\XFilesPBFramework\Release\XFilesPBFramework.pdb" /MAP /OPT:REF /OPT:ICF /LTCG /TLBID:1 /DYNAMICBASE /NXCOMPAT /IMPLIB:"D:\GameHack\Base & Tools\Base\VS2010\XFilesEngine\XFilesPBFramework\Release\XFilesPBFramework.lib" /MACHINE:X86 /DLL Release\base64.obj
         Release\Main.obj
            Creating library D:\GameHack\Base & Tools\Base\VS2010\XFilesEngine\XFilesPBFramework\Release\XFilesPBFramework.lib and object D:\GameHack\Base & Tools\Base\VS2010\XFilesEngine\XFilesPBFramework\Release\XFilesPBFramework.exp
         Generating code
         Finished generating code
         XFilesPBFramework.vcxproj -> D:\GameHack\Base & Tools\Base\VS2010\XFilesEngine\XFilesPBFramework\Release\XFilesPBFramework.dll
       Manifest:
         C:\Program Files (x86)\Microsoft SDKs\Windows\v7.0A\bin\mt.exe /nologo /verbose /outputresource:"D:\GameHack\Base & Tools\Base\VS2010\XFilesEngine\XFilesPBFramework\Release\XFilesPBFramework.dll;#2" /manifest Release\XFilesPBFramework.dll.intermediate.manifest
       FinalizeBuildStatus:
         Deleting file "Release\XFilesPBFramework.unsuccessfulbuild".
         Touching "Release\XFilesPBFramework.lastbuildstate".
     1>Done Building Project "D:\GameHack\Base & Tools\Base\VS2010\XFilesEngine\XFilesPBFramework\XFilesPBFramework\XFilesPBFramework.vcxproj" (build target(s)).

Build succeeded.

Time Elapsed 00:00:03.63
