D:\GAMEHACK\BASE & TOOLS\BASE\VS2010\XFILESENGINE\XFILESPBFRAMEWORK\RELEASE\XFILESPBFRAMEWORK.DLL
D:\GameHack\Base & Tools\Base\VS2010\XFilesEngine\XFilesPBFramework\Release\XFilesPBFramework.exp
D:\GameHack\Base & Tools\Base\VS2010\XFilesEngine\XFilesPBFramework\Release\XFilesPBFramework.lib
D:\GAMEHACK\BASE & TOOLS\BASE\VS2010\XFILESENGINE\XFILESPBFRAMEWORK\RELEASE\XFILESPBFRAMEWORK.MAP
D:\GAMEHACK\BASE & TOOLS\BASE\VS2010\XFILESENGINE\XFILESPBFRAMEWORK\RELEASE\XFILESPBFRAMEWORK.PDB
D:\GAMEHACK\BASE & TOOLS\BASE\VS2010\XFILESENGINE\XFILESPBFRAMEWORK\XFILESPBFRAMEWORK\RELEASE\BASE64.OBJ
D:\GameHack\Base & Tools\Base\VS2010\XFilesEngine\XFilesPBFramework\XFilesPBFramework\Release\cl.command.1.tlog
D:\GameHack\Base & Tools\Base\VS2010\XFilesEngine\XFilesPBFramework\XFilesPBFramework\Release\CL.read.1.tlog
D:\GameHack\Base & Tools\Base\VS2010\XFilesEngine\XFilesPBFramework\XFilesPBFramework\Release\CL.write.1.tlog
D:\GameHack\Base & Tools\Base\VS2010\XFilesEngine\XFilesPBFramework\XFilesPBFramework\Release\link.command.1.tlog
D:\GameHack\Base & Tools\Base\VS2010\XFilesEngine\XFilesPBFramework\XFilesPBFramework\Release\link.read.1.tlog
D:\GameHack\Base & Tools\Base\VS2010\XFilesEngine\XFilesPBFramework\XFilesPBFramework\Release\link.write.1.tlog
D:\GAMEHACK\BASE & TOOLS\BASE\VS2010\XFILESENGINE\XFILESPBFRAMEWORK\XFILESPBFRAMEWORK\RELEASE\MAIN.OBJ
D:\GameHack\Base & Tools\Base\VS2010\XFilesEngine\XFilesPBFramework\XFilesPBFramework\Release\mt.command.1.tlog
D:\GameHack\Base & Tools\Base\VS2010\XFilesEngine\XFilesPBFramework\XFilesPBFramework\Release\mt.read.1.tlog
D:\GameHack\Base & Tools\Base\VS2010\XFilesEngine\XFilesPBFramework\XFilesPBFramework\Release\mt.write.1.tlog
D:\GAMEHACK\BASE & TOOLS\BASE\VS2010\XFILESENGINE\XFILESPBFRAMEWORK\XFILESPBFRAMEWORK\RELEASE\VC100.PDB
D:\GAMEHACK\BASE & TOOLS\BASE\VS2010\XFILESENGINE\XFILESPBFRAMEWORK\XFILESPBFRAMEWORK\RELEASE\XFILESPBFRAMEWORK.DLL.INTERMEDIATE.MANIFEST
D:\GameHack\Base & Tools\Base\VS2010\XFilesEngine\XFilesPBFramework\XFilesPBFramework\Release\XFilesPBFramework.vcxprojResolveAssemblyReference.cache
D:\GameHack\Base & Tools\Base\VS2010\XFilesEngine\XFilesPBFramework\XFilesPBFramework\Release\XFilesPBFramework.write.1.tlog
